<?xml version="1.0" encoding="UTF-8"?>
<!-- Generated by org.testng.reporters.JUnitReportReporter -->
<testsuite hostname="DESKTOP-4CL0PK3" failures="0" tests="1" name="com.tect.testscript.loginpage" time="0.013" errors="0" timestamp="2024-07-14T21:35:16 IST" skipped="0">
  <testcase classname="com.tect.testscript.loginpage" name="login" time="0.013"/>
  <system-out>
    <![CDATA[welcome]]>
  </system-out>
</testsuite> <!-- com.tect.testscript.loginpage -->
